Determining if the function clock_gettime exists in the rt failed with the following output:
Change Dir: /private/var/folders/w3/sj5b7f3s3wb3vm_49scvgdrm0000gn/T/pycharm-packaging/xgboost/xgboost/build/CMakeFiles/CMakeTmp

Run Build Command(s):/usr/bin/make cmTC_04a42/fast && /Library/Developer/CommandLineTools/usr/bin/make -f CMakeFiles/cmTC_04a42.dir/build.make CMakeFiles/cmTC_04a42.dir/build
Building C object CMakeFiles/cmTC_04a42.dir/CheckFunctionExists.c.o
/Library/Developer/CommandLineTools/usr/bin/cc   -DCHECK_FUNCTION_EXISTS=clock_gettime -isysroot /Library/Developer/CommandLineTools/SDKs/MacOSX10.15.sdk   -o CMakeFiles/cmTC_04a42.dir/CheckFunctionExists.c.o   -c /usr/local/Cellar/cmake/3.15.4/share/cmake/Modules/CheckFunctionExists.c
Linking C executable cmTC_04a42
/usr/local/Cellar/cmake/3.15.4/bin/cmake -E cmake_link_script CMakeFiles/cmTC_04a42.dir/link.txt --verbose=1
/Library/Developer/CommandLineTools/usr/bin/cc  -DCHECK_FUNCTION_EXISTS=clock_gettime -isysroot /Library/Developer/CommandLineTools/SDKs/MacOSX10.15.sdk -Wl,-search_paths_first -Wl,-headerpad_max_install_names   CMakeFiles/cmTC_04a42.dir/CheckFunctionExists.c.o  -o cmTC_04a42  -L/private/var/folders/w3/sj5b7f3s3wb3vm_49scvgdrm0000gn/T/pycharm-packaging/xgboost/xgboost/build/CMakeFiles/CMakeTmp/time.h -Wl,-rpath,/private/var/folders/w3/sj5b7f3s3wb3vm_49scvgdrm0000gn/T/pycharm-packaging/xgboost/xgboost/build/CMakeFiles/CMakeTmp/time.h -lrt 
ld: warning: directory not found for option '-L/private/var/folders/w3/sj5b7f3s3wb3vm_49scvgdrm0000gn/T/pycharm-packaging/xgboost/xgboost/build/CMakeFiles/CMakeTmp/time.h'
ld: library not found for -lrt
clang: error: linker command failed with exit code 1 (use -v to see invocation)
make[1]: *** [cmTC_04a42] Error 1
make: *** [cmTC_04a42/fast] Error 2



Determining if the fopen64 exist failed with the following output:
Change Dir: /private/var/folders/w3/sj5b7f3s3wb3vm_49scvgdrm0000gn/T/pycharm-packaging/xgboost/xgboost/build/CMakeFiles/CMakeTmp

Run Build Command(s):/usr/bin/make cmTC_a5eaa/fast && /Library/Developer/CommandLineTools/usr/bin/make -f CMakeFiles/cmTC_a5eaa.dir/build.make CMakeFiles/cmTC_a5eaa.dir/build
Building C object CMakeFiles/cmTC_a5eaa.dir/CheckSymbolExists.c.o
/Library/Developer/CommandLineTools/usr/bin/cc   -isysroot /Library/Developer/CommandLineTools/SDKs/MacOSX10.15.sdk   -o CMakeFiles/cmTC_a5eaa.dir/CheckSymbolExists.c.o   -c /private/var/folders/w3/sj5b7f3s3wb3vm_49scvgdrm0000gn/T/pycharm-packaging/xgboost/xgboost/build/CMakeFiles/CMakeTmp/CheckSymbolExists.c
/private/var/folders/w3/sj5b7f3s3wb3vm_49scvgdrm0000gn/T/pycharm-packaging/xgboost/xgboost/build/CMakeFiles/CMakeTmp/CheckSymbolExists.c:8:19: error: use of undeclared identifier 'fopen64'; did you mean 'fopen'?
  return ((int*)(&fopen64))[argc];
                  ^~~~~~~
                  fopen
/Library/Developer/CommandLineTools/SDKs/MacOSX10.15.sdk/usr/include/stdio.h:153:7: note: 'fopen' declared here
FILE    *fopen(const char * __restrict __filename, const char * __restrict __mode) __DARWIN_ALIAS_STARTING(__MAC_10_6, __IPHONE_2_0, __DARWIN_ALIAS(fopen));
         ^
1 error generated.
make[1]: *** [CMakeFiles/cmTC_a5eaa.dir/CheckSymbolExists.c.o] Error 1
make: *** [cmTC_a5eaa/fast] Error 2


File /private/var/folders/w3/sj5b7f3s3wb3vm_49scvgdrm0000gn/T/pycharm-packaging/xgboost/xgboost/build/CMakeFiles/CMakeTmp/CheckSymbolExists.c:
/* */
#include <stdio.h>

int main(int argc, char** argv)
{
  (void)argv;
#ifndef fopen64
  return ((int*)(&fopen64))[argc];
#else
  (void)argc;
  return 0;
#endif
}

